<?xml version="1.0" encoding="UTF-8"?>
<!-- Generated by org.testng.reporters.JUnitReportReporter -->
<testsuite skipped="0" hostname="Ahmed-Bilal" name="CLIK.CLIKWeb.CLIKLogin" tests="2" failures="0" timestamp="24 Apr 2024 11:39:51 GMT" time="29.576" errors="0">
  <testcase name="Login_failure" time="15.261" classname="CLIK.CLIKWeb.CLIKLogin"/>
  <testcase name="Login_success" time="14.315" classname="CLIK.CLIKWeb.CLIKLogin"/>
</testsuite> <!-- CLIK.CLIKWeb.CLIKLogin -->
