<?xml version="1.0" encoding="UTF-8"?>
<!-- Generated by org.testng.reporters.JUnitReportReporter -->
<testsuite skipped="0" hostname="Ahmed-Bilal" name="CLIK.CLIKWeb.CLIKLogin" tests="2" failures="0" timestamp="19 Apr 2024 08:02:24 GMT" time="29.674" errors="0">
  <testcase name="Login_failure" time="15.287" classname="CLIK.CLIKWeb.CLIKLogin"/>
  <testcase name="Login_success" time="14.387" classname="CLIK.CLIKWeb.CLIKLogin"/>
</testsuite> <!-- CLIK.CLIKWeb.CLIKLogin -->
